<?xml version="1.0" encoding="UTF-8"?>
<!-- Generated by org.testng.reporters.JUnitReportReporter -->
<testsuite hostname="user-PC" name="com.qa.TestCases.LoginPageTest" tests="3" failures="0" timestamp="28 Apr 2021 08:58:02 GMT" time="57.980" errors="0">
  <testcase name="loginTest" time="22.090" classname="com.qa.TestCases.LoginPageTest"/>
  <testcase name="loginPageTittleTest" time="19.867" classname="com.qa.TestCases.LoginPageTest"/>
  <testcase name="logoTest" time="16.023" classname="com.qa.TestCases.LoginPageTest"/>
</testsuite> <!-- com.qa.TestCases.LoginPageTest -->
