<?xml version="1.0" encoding="UTF-8"?>
<!-- Generated by org.testng.reporters.JUnitReportReporter -->
<testsuite hostname="user-PC" name="FreeCRMTestAutomation.FreeCRMTest.SampleTestP" tests="1" failures="0" timestamp="11 Apr 2021 19:06:05 GMT" time="31.392" errors="0">
  <testcase name="practice" time="31.392" classname="FreeCRMTestAutomation.FreeCRMTest.SampleTestP"/>
</testsuite> <!-- FreeCRMTestAutomation.FreeCRMTest.SampleTestP -->
