<?xml version="1.0" encoding="UTF-8"?>
<!-- Generated by org.testng.reporters.JUnitReportReporter -->
<testsuite hostname="user-PC" name="com.qa.TestCases.ContactPageTest" tests="1" failures="0" timestamp="22 Apr 2021 17:58:04 GMT" time="33.365" errors="0">
  <testcase name="selectContactTest" time="33.365" classname="com.qa.TestCases.ContactPageTest"/>
</testsuite> <!-- com.qa.TestCases.ContactPageTest -->
