<?xml version="1.0" encoding="UTF-8"?>
<!-- Generated by org.testng.reporters.JUnitReportReporter -->
<testsuite hostname="user-PC" name="com.qa.TestCases.HomePageTest" tests="3" failures="0" timestamp="27 Apr 2021 19:17:16 GMT" time="68.539" errors="0">
  <testcase name="verifyhomePageTittleTest" time="22.267" classname="com.qa.TestCases.HomePageTest"/>
  <testcase name="verifyuserNameTest" time="22.217" classname="com.qa.TestCases.HomePageTest"/>
  <testcase name="verifycontactLinkTest" time="24.055" classname="com.qa.TestCases.HomePageTest"/>
</testsuite> <!-- com.qa.TestCases.HomePageTest -->
